<?xml version="1.0" encoding="UTF-8"?>
<!-- Generated by org.testng.reporters.JUnitReportReporter -->
<testsuite hostname="Aditya" failures="0" tests="3" name="nbs.cdc.Suite.myTests" time="8.634" errors="0" timestamp="2025-01-19T12:53:06 IST" skipped="0">
  <testcase classname="nbs.cdc.Suite.myTests" name="runFBTest" time="4.441"/>
  <testcase classname="nbs.cdc.Suite.myTests" name="runFBTest" time="2.062"/>
  <testcase classname="nbs.cdc.Suite.myTests" name="runFBTest" time="2.131"/>
</testsuite> <!-- nbs.cdc.Suite.myTests -->
