<?xml version="1.0" encoding="UTF-8"?>
<!-- Generated by org.testng.reporters.JUnitReportReporter -->
<testsuite hostname="Aditya" failures="0" tests="1" name="nbs.cdc.Suite.dataProvider" time="0.756" errors="0" timestamp="2025-01-18T14:14:04 IST" skipped="0">
  <testcase classname="nbs.cdc.Suite.dataProvider" name="dataProvider1" time="0.756"/>
</testsuite> <!-- nbs.cdc.Suite.dataProvider -->
