<?xml version="1.0" encoding="UTF-8"?>
<!-- Generated by org.testng.reporters.JUnitReportReporter -->
<testsuite hostname="Aditya" failures="0" tests="1" name="nbs.cdc.SuiteResources.Base" time="3.057" errors="0" timestamp="2025-01-18T12:56:45 IST" skipped="0">
  <testcase classname="nbs.cdc.SuiteResources.Base" name="tearDown" time="3.057"/>
</testsuite> <!-- nbs.cdc.SuiteResources.Base -->
