<?xml version="1.0" encoding="UTF-8"?>
<!-- Generated by org.testng.reporters.JUnitReportReporter -->
<testsuite hostname="Aditya" failures="0" tests="3" name="nbs.cdc.Suite.myTests" time="12.059" errors="0" timestamp="2025-01-18T15:05:31 IST" skipped="0">
  <testcase classname="nbs.cdc.Suite.myTests" name="runFBTest" time="3.762"/>
  <testcase classname="nbs.cdc.Suite.myTests" name="runFBTest" time="4.693"/>
  <testcase classname="nbs.cdc.Suite.myTests" name="runFBTest" time="3.604"/>
</testsuite> <!-- nbs.cdc.Suite.myTests -->
